Build started 11/9/2014 12:44:33 AM.
     1>Project "C:\Users\Admin\Desktop\School\Fall 2014\CS 420\Meet-Zooki\SFML1\SFML1\SFML1.vcxproj" on node 2 (Build target(s)).
     1>ClCompile:
         C:\Program Files (x86)\Microsoft Visual Studio 12.0\VC\bin\CL.exe /c /IC:\SFML\include /Zi /nologo /W3 /WX- /sdl /O2 /Oi /Oy- /GL /D WIN32 /D NDEBUG /D _WINDOWS /D _UNICODE /D UNICODE /Gm- /EHsc /MD /GS /Gy /fp:precise /Zc:wchar_t /Zc:forScope /Fo"Release\\" /Fd"Release\vc120.pdb" /Gd /TP /analyze- /errorReport:prompt Hud.cpp
         Hud.cpp
     1>Hud.cpp(97): warning C4018: '<' : signed/unsigned mismatch
     1>Hud.cpp(101): warning C4244: 'argument' : conversion from 'int' to 'float', possible loss of data
       Link:
         C:\Program Files (x86)\Microsoft Visual Studio 12.0\VC\bin\link.exe /ERRORREPORT:PROMPT /OUT:"C:\Users\Admin\Desktop\School\Fall 2014\CS 420\Meet-Zooki\SFML1\Release\Zooki.exe" /INCREMENTAL:NO /NOLOGO /LIBPATH:C:\SFML\lib "sfml-audio.lib" "sfml-graphics.lib" "sfml-network.lib" "sfml-window.lib" "sfml-system.lib" kernel32.lib user32.lib gdi32.lib winspool.lib comdlg32.lib advapi32.lib shell32.lib ole32.lib oleaut32.lib uuid.lib odbc32.lib odbccp32.lib /MANIFEST /MANIFESTUAC:"level='asInvoker' uiAccess='false'" /manifest:embed /DEBUG /PDB:"C:\Users\Admin\Desktop\School\Fall 2014\CS 420\Meet-Zooki\SFML1\Release\Zooki.pdb" /SUBSYSTEM:CONSOLE /OPT:REF /OPT:ICF /LTCG /TLBID:1 /DYNAMICBASE /NXCOMPAT /IMPLIB:"C:\Users\Admin\Desktop\School\Fall 2014\CS 420\Meet-Zooki\SFML1\Release\Zooki.lib" /MACHINE:X86 /SAFESEH Release\Cone.obj
         Release\editor.obj
         Release\Hud.obj
         Release\Igloo.obj
         Release\LoadSprites.obj
         Release\main.obj
         Release\Sound.obj
         Release\Tile.obj
         Release\TitleScreen.obj
         Release\Zooki.obj
         Generating code
         Finished generating code
         SFML1.vcxproj -> C:\Users\Admin\Desktop\School\Fall 2014\CS 420\Meet-Zooki\SFML1\Release\Zooki.exe
     1>Done Building Project "C:\Users\Admin\Desktop\School\Fall 2014\CS 420\Meet-Zooki\SFML1\SFML1\SFML1.vcxproj" (Build target(s)).

Build succeeded.

Time Elapsed 00:00:01.43
