Build started 11/2/2014 2:55:05 PM.
     1>Project "C:\Users\Admin\Desktop\School\Fall 2014\CS 420\Meet-Zooki\LevelEditor\LevelEditor\LevelEditor.vcxproj" on node 2 (Build target(s)).
     1>ClCompile:
         C:\Program Files (x86)\Microsoft Visual Studio 12.0\VC\bin\CL.exe /c /IC:\SFML\include /ZI /nologo /W3 /WX- /sdl /Od /Oy- /D WIN32 /D _DEBUG /D _WINDOWS /D _UNICODE /D UNICODE /Gm /EHsc /RTC1 /MDd /GS /fp:precise /Zc:wchar_t /Zc:forScope /Fo"Debug\\" /Fd"Debug\vc120.pdb" /Gd /TP /analyze- /errorReport:prompt Zooki.cpp
         Zooki.cpp
     1>c:\users\admin\desktop\school\fall 2014\cs 420\meet-zooki\leveleditor\leveleditor\zooki.cpp(12): warning C4244: 'argument' : conversion from 'int' to 'float', possible loss of data
     1>c:\users\admin\desktop\school\fall 2014\cs 420\meet-zooki\leveleditor\leveleditor\zooki.cpp(13): warning C4244: 'argument' : conversion from 'int' to 'float', possible loss of data
     1>c:\users\admin\desktop\school\fall 2014\cs 420\meet-zooki\leveleditor\leveleditor\zooki.cpp(23): warning C4244: '=' : conversion from 'const float' to 'int', possible loss of data
     1>c:\users\admin\desktop\school\fall 2014\cs 420\meet-zooki\leveleditor\leveleditor\zooki.cpp(28): warning C4244: '=' : conversion from 'const float' to 'int', possible loss of data
     1>c:\users\admin\desktop\school\fall 2014\cs 420\meet-zooki\leveleditor\leveleditor\zooki.cpp(34): warning C4244: '=' : conversion from 'const float' to 'int', possible loss of data
     1>c:\users\admin\desktop\school\fall 2014\cs 420\meet-zooki\leveleditor\leveleditor\zooki.cpp(88): warning C4244: 'argument' : conversion from 'int' to 'float', possible loss of data
       Link:
         C:\Program Files (x86)\Microsoft Visual Studio 12.0\VC\bin\link.exe /ERRORREPORT:PROMPT /OUT:"C:\Users\Admin\Desktop\School\Fall 2014\CS 420\Meet-Zooki\LevelEditor\Debug\LevelEditor.exe" /INCREMENTAL /NOLOGO /LIBPATH:C:\SFML\lib "sfml-audio-d.lib" "sfml-graphics-d.lib" "sfml-network-d.lib" "sfml-window-d.lib" "sfml-system-d.lib" kernel32.lib user32.lib gdi32.lib winspool.lib comdlg32.lib advapi32.lib shell32.lib ole32.lib oleaut32.lib uuid.lib odbc32.lib odbccp32.lib /MANIFEST /MANIFESTUAC:"level='asInvoker' uiAccess='false'" /manifest:embed /DEBUG /PDB:"C:\Users\Admin\Desktop\School\Fall 2014\CS 420\Meet-Zooki\LevelEditor\Debug\LevelEditor.pdb" /SUBSYSTEM:CONSOLE /TLBID:1 /DYNAMICBASE /NXCOMPAT /IMPLIB:"C:\Users\Admin\Desktop\School\Fall 2014\CS 420\Meet-Zooki\LevelEditor\Debug\LevelEditor.lib" /MACHINE:X86 Debug\editor.obj
         Debug\LoadSprites.obj
         Debug\main.obj
         Debug\Tile.obj
         Debug\Zooki.obj
         LevelEditor.vcxproj -> C:\Users\Admin\Desktop\School\Fall 2014\CS 420\Meet-Zooki\LevelEditor\Debug\LevelEditor.exe
     1>Done Building Project "C:\Users\Admin\Desktop\School\Fall 2014\CS 420\Meet-Zooki\LevelEditor\LevelEditor\LevelEditor.vcxproj" (Build target(s)).

Build succeeded.

Time Elapsed 00:00:00.64
