c:\users\brandon\desktop\school\fall 2014\cs 420\zookie\leveleditor\leveleditor\debug\vc120.pdb
c:\users\brandon\desktop\school\fall 2014\cs 420\zookie\leveleditor\leveleditor\debug\vc120.idb
c:\users\brandon\desktop\school\fall 2014\cs 420\zookie\leveleditor\leveleditor\debug\loadsprites.obj
c:\users\brandon\desktop\school\fall 2014\cs 420\zookie\leveleditor\leveleditor\debug\tile.obj
c:\users\brandon\desktop\school\fall 2014\cs 420\zookie\leveleditor\leveleditor\debug\editor.obj
c:\users\brandon\desktop\school\fall 2014\cs 420\zookie\leveleditor\leveleditor\debug\main.obj
c:\users\brandon\desktop\school\fall 2014\cs 420\zookie\leveleditor\debug\leveleditor.pdb
c:\users\brandon\desktop\school\fall 2014\cs 420\zookie\leveleditor\leveleditor\debug\leveleditor.tlog\cl.command.1.tlog
c:\users\brandon\desktop\school\fall 2014\cs 420\zookie\leveleditor\leveleditor\debug\leveleditor.tlog\cl.read.1.tlog
c:\users\brandon\desktop\school\fall 2014\cs 420\zookie\leveleditor\leveleditor\debug\leveleditor.tlog\cl.write.1.tlog
c:\users\brandon\desktop\school\fall 2014\cs 420\zookie\leveleditor\leveleditor\debug\leveleditor.tlog\link-cvtres.read.1.tlog
c:\users\brandon\desktop\school\fall 2014\cs 420\zookie\leveleditor\leveleditor\debug\leveleditor.tlog\link-cvtres.write.1.tlog
c:\users\brandon\desktop\school\fall 2014\cs 420\zookie\leveleditor\leveleditor\debug\leveleditor.tlog\link-rc.read.1.tlog
c:\users\brandon\desktop\school\fall 2014\cs 420\zookie\leveleditor\leveleditor\debug\leveleditor.tlog\link-rc.write.1.tlog
c:\users\brandon\desktop\school\fall 2014\cs 420\zookie\leveleditor\leveleditor\debug\leveleditor.tlog\link.8200-cvtres.read.1.tlog
c:\users\brandon\desktop\school\fall 2014\cs 420\zookie\leveleditor\leveleditor\debug\leveleditor.tlog\link.8200-cvtres.write.1.tlog
c:\users\brandon\desktop\school\fall 2014\cs 420\zookie\leveleditor\leveleditor\debug\leveleditor.tlog\link.8200-rc.read.1.tlog
c:\users\brandon\desktop\school\fall 2014\cs 420\zookie\leveleditor\leveleditor\debug\leveleditor.tlog\link.8200-rc.write.1.tlog
c:\users\brandon\desktop\school\fall 2014\cs 420\zookie\leveleditor\leveleditor\debug\leveleditor.tlog\link.8200.read.1.tlog
c:\users\brandon\desktop\school\fall 2014\cs 420\zookie\leveleditor\leveleditor\debug\leveleditor.tlog\link.8200.write.1.tlog
c:\users\brandon\desktop\school\fall 2014\cs 420\zookie\leveleditor\leveleditor\debug\leveleditor.tlog\link.command.1.tlog
c:\users\brandon\desktop\school\fall 2014\cs 420\zookie\leveleditor\leveleditor\debug\leveleditor.tlog\link.read.1.tlog
c:\users\brandon\desktop\school\fall 2014\cs 420\zookie\leveleditor\leveleditor\debug\leveleditor.tlog\link.write.1.tlog
