Build started 11/7/2014 5:34:59 PM.
     1>Project "C:\Users\Benjamin\Desktop\Meet-Zooki\SFML1\SFML1\SFML1.vcxproj" on node 2 (Build target(s)).
     1>C:\Program Files (x86)\MSBuild\Microsoft.Cpp\v4.0\V120\Microsoft.CppBuild.targets(388,5): warning MSB8028: The intermediate directory (Debug\) contains files shared from another project (SFML1.vcxproj).  This can lead to incorrect clean and rebuild behavior.
     1>ClCompile:
         C:\Program Files (x86)\Microsoft Visual Studio 12.0\VC\bin\CL.exe /c /IC:\SFML\include /ZI /nologo /W3 /WX- /sdl /Od /Oy- /D WIN32 /D _DEBUG /D _WINDOWS /D _UNICODE /D UNICODE /Gm /EHsc /RTC1 /MDd /GS /fp:precise /Zc:wchar_t /Zc:forScope /Fo"Debug\\" /Fd"Debug\vc120.pdb" /Gd /TP /analyze- /errorReport:prompt Cone.cpp editor.cpp Igloo.cpp LoadSprites.cpp main.cpp Sound.cpp Tile.cpp TitleScreen.cpp Zooki.cpp
         Zooki.cpp
     1>c:\users\benjamin\desktop\meet-zooki\sfml1\sfml1\zooki.cpp(93): warning C4244: '=' : conversion from 'float' to 'int', possible loss of data
     1>c:\users\benjamin\desktop\meet-zooki\sfml1\sfml1\zooki.cpp(94): warning C4244: '=' : conversion from 'float' to 'int', possible loss of data
     1>c:\users\benjamin\desktop\meet-zooki\sfml1\sfml1\zooki.cpp(140): warning C4244: '/=' : conversion from 'double' to 'int', possible loss of data
     1>c:\users\benjamin\desktop\meet-zooki\sfml1\sfml1\zooki.cpp(157): warning C4244: 'argument' : conversion from 'int' to 'float', possible loss of data
         TitleScreen.cpp
         Tile.cpp
     1>c:\users\benjamin\desktop\meet-zooki\sfml1\sfml1\tile.cpp(37): warning C4800: 'int' : forcing value to bool 'true' or 'false' (performance warning)
     1>c:\users\benjamin\desktop\meet-zooki\sfml1\sfml1\tile.cpp(38): warning C4800: 'int' : forcing value to bool 'true' or 'false' (performance warning)
     1>c:\users\benjamin\desktop\meet-zooki\sfml1\sfml1\tile.cpp(39): warning C4800: 'int' : forcing value to bool 'true' or 'false' (performance warning)
     1>c:\users\benjamin\desktop\meet-zooki\sfml1\sfml1\tile.cpp(44): warning C4800: 'int' : forcing value to bool 'true' or 'false' (performance warning)
     1>c:\users\benjamin\desktop\meet-zooki\sfml1\sfml1\tile.cpp(45): warning C4800: 'int' : forcing value to bool 'true' or 'false' (performance warning)
     1>c:\users\benjamin\desktop\meet-zooki\sfml1\sfml1\tile.cpp(61): warning C4244: 'argument' : conversion from 'int' to 'float', possible loss of data
         Sound.cpp
     1>c:\users\benjamin\desktop\meet-zooki\sfml1\sfml1\sound.cpp(45): warning C4305: '+=' : truncation from 'double' to 'float'
         main.cpp
         LoadSprites.cpp
         Igloo.cpp
     1>c:\users\benjamin\desktop\meet-zooki\sfml1\sfml1\igloo.cpp(13): warning C4244: 'argument' : conversion from 'int' to 'float', possible loss of data
     1>c:\users\benjamin\desktop\meet-zooki\sfml1\sfml1\igloo.cpp(14): warning C4244: 'argument' : conversion from 'int' to 'float', possible loss of data
     1>c:\users\benjamin\desktop\meet-zooki\sfml1\sfml1\igloo.cpp(21): warning C4244: 'argument' : conversion from 'int' to 'float', possible loss of data
         editor.cpp
     1>c:\users\benjamin\desktop\meet-zooki\sfml1\sfml1\editor.cpp(127): warning C4018: '<' : signed/unsigned mismatch
         Cone.cpp
     1>c:\users\benjamin\desktop\meet-zooki\sfml1\sfml1\cone.cpp(14): warning C4244: 'argument' : conversion from 'int' to 'float', possible loss of data
     1>c:\users\benjamin\desktop\meet-zooki\sfml1\sfml1\cone.cpp(15): warning C4244: 'argument' : conversion from 'int' to 'float', possible loss of data
     1>c:\users\benjamin\desktop\meet-zooki\sfml1\sfml1\cone.cpp(22): warning C4244: 'argument' : conversion from 'int' to 'float', possible loss of data
         Generating Code...
       Link:
         C:\Program Files (x86)\Microsoft Visual Studio 12.0\VC\bin\link.exe /ERRORREPORT:PROMPT /OUT:"C:\Users\Benjamin\Desktop\Meet-Zooki\SFML1\Debug\Zooki.exe" /INCREMENTAL /NOLOGO /LIBPATH:C:\SFML\lib "sfml-audio-d.lib" "sfml-graphics-d.lib" "sfml-network-d.lib" "sfml-window-d.lib" "sfml-system-d.lib" kernel32.lib user32.lib gdi32.lib winspool.lib comdlg32.lib advapi32.lib shell32.lib ole32.lib oleaut32.lib uuid.lib odbc32.lib odbccp32.lib /MANIFEST /MANIFESTUAC:"level='asInvoker' uiAccess='false'" /manifest:embed /DEBUG /PDB:"C:\Users\Benjamin\Desktop\Meet-Zooki\SFML1\Debug\Zooki.pdb" /SUBSYSTEM:CONSOLE /TLBID:1 /DYNAMICBASE /NXCOMPAT /IMPLIB:"C:\Users\Benjamin\Desktop\Meet-Zooki\SFML1\Debug\Zooki.lib" /MACHINE:X86 Debug\Cone.obj
         Debug\editor.obj
         Debug\Igloo.obj
         Debug\LoadSprites.obj
         Debug\main.obj
         Debug\Sound.obj
         Debug\Tile.obj
         Debug\TitleScreen.obj
         Debug\Zooki.obj
         SFML1.vcxproj -> C:\Users\Benjamin\Desktop\Meet-Zooki\SFML1\Debug\Zooki.exe
     1>Done Building Project "C:\Users\Benjamin\Desktop\Meet-Zooki\SFML1\SFML1\SFML1.vcxproj" (Build target(s)).

Build succeeded.

Time Elapsed 00:00:25.81
